<?xml version="1.0" encoding="UTF-8"?>
<testsuite name="rspec" tests="32" skipped="0" failures="0" errors="0" time="11.769970" timestamp="2019-08-12T09:36:34-03:00" hostname="DESKTOP-EQ35ECM">
<properties>
<property name="seed" value="41703"/>
</properties>
<testcase classname="spec.delete_spec" name="delete when a registered user should eql &quot;204&quot;" file="./spec/delete_spec.rb" time="7.397487"></testcase>
<testcase classname="spec.delete_spec" name="delete when not exists should eql &quot;404&quot;" file="./spec/delete_spec.rb" time="0.248450"></testcase>
<testcase classname="spec.delete_spec" name="delete when wrong id should eql &quot;412&quot;" file="./spec/delete_spec.rb" time="0.257209"></testcase>
<testcase classname="spec.get_spec" name="get when a registered user should eql &quot;200&quot;" file="./spec/get_spec.rb" time="0.246005"></testcase>
<testcase classname="spec.get_spec" name="get when a registered user should eql &quot;Chirrut Imwe&quot;" file="./spec/get_spec.rb" time="0.266506"></testcase>
<testcase classname="spec.get_spec" name="get when a registered user should eql &quot;$2b$10$eYVS87flXdzWr/UXCZdb/uDVMpLUJA1fJCxu/mvGPQelzsSj1qlGK&quot;" file="./spec/get_spec.rb" time="0.270845"></testcase>
<testcase classname="spec.get_spec" name="get when a registered user should eql &quot;hutt_the_jabba@hotmail.com&quot;" file="./spec/get_spec.rb" time="0.261315"></testcase>
<testcase classname="spec.get_spec" name="get when a registered user should eql 43, 36, 12, 12, 8, 2019, 1, 224, false, and nil" file="./spec/get_spec.rb" time="0.270037"></testcase>
<testcase classname="spec.get_spec" name="get when a registered user should eql 44, 36, 12, 12, 8, 2019, 1, 224, false, and nil" file="./spec/get_spec.rb" time="0.277906"></testcase>
<testcase classname="spec.get_spec" name="get when not exists should eql &quot;404&quot;" file="./spec/get_spec.rb" time="0.249884"></testcase>
<testcase classname="spec.get_spec" name="get when wrong id should eql &quot;412&quot;" file="./spec/get_spec.rb" time="0.246452"></testcase>
<testcase classname="spec.get_spec" name="get when other id should eql &quot;401&quot;" file="./spec/get_spec.rb" time="0.370776"></testcase>
<testcase classname="spec.post_spec" name="post when new user should eql &quot;200&quot;" file="./spec/post_spec.rb" time="0.112726"></testcase>
<testcase classname="spec.post_spec" name="post when duplicate email should eql &quot;409&quot;" file="./spec/post_spec.rb" time="0.226466"></testcase>
<testcase classname="spec.post_spec" name="post when duplicate email should eql &quot;Oops. Looks like you already have an account with this email address.&quot;" file="./spec/post_spec.rb" time="0.235612"></testcase>
<testcase classname="spec.post_spec" name="post when wrong email should eql &quot;412&quot;" file="./spec/post_spec.rb" time="0.014440"></testcase>
<testcase classname="spec.post_spec" name="post when wrong email should eql &quot;Oops. You entered a wrong email.&quot;" file="./spec/post_spec.rb" time="0.024971"></testcase>
<testcase classname="spec.post_spec" name="post when empty name should eql &quot;412&quot;" file="./spec/post_spec.rb" time="0.013551"></testcase>
<testcase classname="spec.post_spec" name="post when empty name should eql &quot;Validation notEmpty on full_name failed&quot;" file="./spec/post_spec.rb" time="0.025500"></testcase>
<testcase classname="spec.post_spec" name="post when empty email should eql &quot;412&quot;" file="./spec/post_spec.rb" time="0.025381"></testcase>
<testcase classname="spec.post_spec" name="post when empty email should eql &quot;Validation notEmpty on email failed&quot;" file="./spec/post_spec.rb" time="0.025917"></testcase>
<testcase classname="spec.post_spec" name="post when empty password should eql &quot;412&quot;" file="./spec/post_spec.rb" time="0.014288"></testcase>
<testcase classname="spec.post_spec" name="post when empty password should eql &quot;Validation notEmpty on password failed&quot;" file="./spec/post_spec.rb" time="0.025902"></testcase>
<testcase classname="spec.post_spec" name="post when null name should eql &quot;412&quot;" file="./spec/post_spec.rb" time="0.025071"></testcase>
<testcase classname="spec.post_spec" name="post when null name should eql &quot;Users.full_name cannot be null&quot;" file="./spec/post_spec.rb" time="0.014149"></testcase>
<testcase classname="spec.post_spec" name="post when null email should eql &quot;412&quot;" file="./spec/post_spec.rb" time="0.024855"></testcase>
<testcase classname="spec.post_spec" name="post when null email should eql &quot;Users.email cannot be null&quot;" file="./spec/post_spec.rb" time="0.014102"></testcase>
<testcase classname="spec.post_spec" name="post when null password should eql &quot;412&quot;" file="./spec/post_spec.rb" time="0.014821"></testcase>
<testcase classname="spec.post_spec" name="post when null password should eql &quot;Users.password cannot be null&quot;" file="./spec/post_spec.rb" time="0.014092"></testcase>
<testcase classname="spec.put_spec" name="put when a registered user should eql &quot;200&quot;" file="./spec/put_spec.rb" time="0.000390"></testcase>
<testcase classname="spec.put_spec" name="put when a registered user should eql &quot;Papito Skywalker&quot;" file="./spec/put_spec.rb" time="0.000236"></testcase>
<testcase classname="spec.put_spec" name="put when a registered user should eql &quot;papito@jedi.com&quot;" file="./spec/put_spec.rb" time="0.000130"></testcase>
</testsuite>
